2026-05-21 16:21:47 Loaded main app package /opt/Obsidian/resources/obsidian.asar
2026-05-21 16:21:48 Checking for update using Github
2026-05-21 16:21:48 Success.
2026-05-21 16:21:48 Latest version is 1.12.7
2026-05-21 16:21:48 App is up to date.
2026-05-21 16:23:17 Loaded main app package /opt/Obsidian/resources/obsidian.asar
2026-05-21 16:23:18 Checking for update using Github
2026-05-21 16:23:18 Success.
2026-05-21 16:23:18 Latest version is 1.12.7
2026-05-21 16:23:18 App is up to date.
2026-05-21 16:45:46 Loaded main app package /opt/Obsidian/resources/obsidian.asar
2026-05-21 16:45:46 Checking for update using Github
2026-05-21 16:45:47 Success.
2026-05-21 16:45:47 Latest version is 1.12.7
2026-05-21 16:45:47 App is up to date.
2026-05-22 13:23:20 Loaded main app package /opt/Obsidian/resources/obsidian.asar
2026-05-22 13:23:21 Checking for update using Github
2026-05-22 13:23:21 Success.
2026-05-22 13:23:21 Latest version is 1.12.7
2026-05-22 13:23:21 App is up to date.
2026-05-22 14:23:20 Checking for update using Github
2026-05-22 14:23:20 Success.
2026-05-22 14:23:20 Latest version is 1.12.7
2026-05-22 14:23:20 App is up to date.
2026-05-22 15:26:20 Checking for update using Github
2026-05-22 15:26:20 Success.
2026-05-22 15:26:20 Latest version is 1.12.7
2026-05-22 15:26:20 App is up to date.
2026-05-24 03:15:26 Loaded main app package /opt/Obsidian/resources/obsidian.asar
2026-05-24 03:15:27 Checking for update using Github
2026-05-24 03:15:27 Failed to check for update using Github (net::ERR_INTERNET_DISCONNECTED)
2026-05-24 03:15:27 Checking for update using obsidian.md
2026-05-24 03:15:27 Failed to check for update using obsidian.md (net::ERR_INTERNET_DISCONNECTED)
2026-05-26 16:34:51 Loaded main app package /usr/lib/obsidian/obsidian.asar
2026-05-26 16:34:51 Checking for update using Github
2026-05-26 16:34:51 Success.
2026-05-26 16:34:51 Latest version is 1.12.7
2026-05-26 16:34:51 App is up to date.
2026-05-27 13:04:03 Loaded main app package /usr/lib/obsidian/obsidian.asar
2026-05-27 13:04:03 Checking for update using Github
2026-05-27 13:04:03 Success.
2026-05-27 13:04:03 Latest version is 1.12.7
2026-05-27 13:04:03 App is up to date.
2026-05-27 15:08:43 Loaded main app package /usr/lib/obsidian/obsidian.asar
2026-05-27 15:08:43 Checking for update using Github
2026-05-27 15:08:43 Success.
2026-05-27 15:08:43 Latest version is 1.12.7
2026-05-27 15:08:43 App is up to date.
2026-05-27 19:56:32 Loaded main app package /opt/Obsidian/resources/obsidian.asar
2026-05-27 19:56:32 Checking for update using Github
2026-05-27 19:56:33 Success.
2026-05-27 19:56:33 Latest version is 1.12.7
2026-05-27 19:56:33 App is up to date.
2026-05-27 22:04:05 Loaded main app package /opt/Obsidian/resources/obsidian.asar
2026-05-27 22:04:05 Checking for update using Github
2026-05-27 22:04:05 Success.
2026-05-27 22:04:05 Latest version is 1.12.7
2026-05-27 22:04:05 App is up to date.
2026-05-28 11:12:42 Loaded main app package /opt/Obsidian/resources/obsidian.asar
2026-05-28 11:12:43 Checking for update using Github
2026-05-28 11:12:43 Success.
2026-05-28 11:12:43 Latest version is 1.12.7
2026-05-28 11:12:43 App is up to date.
2026-05-28 12:12:42 Checking for update using Github
2026-05-28 12:12:42 Success.
2026-05-28 12:12:42 Latest version is 1.12.7
2026-05-28 12:12:42 App is up to date.
2026-06-01 04:27:07 Loaded main app package /opt/Obsidian/resources/obsidian.asar
2026-06-01 04:27:08 Checking for update using Github
2026-06-01 04:27:08 Success.
2026-06-01 04:27:08 Latest version is 1.12.7
2026-06-01 04:27:08 App is up to date.
2026-06-01 23:24:50 Loaded main app package /opt/Obsidian/resources/obsidian.asar
2026-06-01 23:24:50 Checking for update using Github
2026-06-01 23:24:50 Success.
2026-06-01 23:24:50 Latest version is 1.12.7
2026-06-01 23:24:50 App is up to date.
